[14-Apr-2025 02:57:22 Europe/Minsk] PHP Fatal error:  Uncaught ArgumentCountError: Too few arguments to function Router::route(), 0 passed in C:\WebData\_site1\apps\my_project\index.php on line 11 and exactly 1 expected in C:\WebData\_site1\apps\my_project\Routers\Router.php:6
Stack trace:
#0 C:\WebData\_site1\apps\my_project\index.php(11): Router::route()
#1 {main}
  thrown in C:\WebData\_site1\apps\my_project\Routers\Router.php on line 6
[14-Apr-2025 10:25:12 Europe/Minsk] PHP Fatal error:  Uncaught ArgumentCountError: Too few arguments to function Router::route(), 0 passed in C:\WebData\_site1\apps\my_project\index.php on line 9 and exactly 1 expected in C:\WebData\_site1\apps\my_project\Routers\Router.php:6
Stack trace:
#0 C:\WebData\_site1\apps\my_project\index.php(9): Router::route()
#1 {main}
  thrown in C:\WebData\_site1\apps\my_project\Routers\Router.php on line 6
[14-Apr-2025 10:41:56 Europe/Minsk] PHP Fatal error:  Uncaught Error: Class "Controller" not found in C:\WebData\_site1\apps\my_project\Routers\Router.php:15
Stack trace:
#0 C:\WebData\_site1\apps\my_project\index.php(10): Router::route('')
#1 {main}
  thrown in C:\WebData\_site1\apps\my_project\Routers\Router.php on line 15
[14-Apr-2025 11:14:27 Europe/Minsk] PHP Warning:  require_once(C:\WebData\_site1\apps\my_project\App\Controllers/../Views/admin.php): Failed to open stream: No such file or directory in C:\WebData\_site1\apps\my_project\App\Controllers\AdminController.php on line 15
[14-Apr-2025 11:14:27 Europe/Minsk] PHP Stack trace:
[14-Apr-2025 11:14:27 Europe/Minsk] PHP   1. {main}() C:\WebData\_site1\apps\my_project\index.php:0
[14-Apr-2025 11:14:27 Europe/Minsk] PHP   2. Router::route($url = '') C:\WebData\_site1\apps\my_project\index.php:5
[14-Apr-2025 11:14:27 Europe/Minsk] PHP   3. AdminController->index() C:\WebData\_site1\apps\my_project\Routers\Router.php:21
[14-Apr-2025 11:14:27 Europe/Minsk] PHP Fatal error:  Uncaught Error: Failed opening required 'C:\WebData\_site1\apps\my_project\App\Controllers/../Views/admin.php' (include_path='.;C:\php\pear') in C:\WebData\_site1\apps\my_project\App\Controllers\AdminController.php:15
Stack trace:
#0 C:\WebData\_site1\apps\my_project\Routers\Router.php(21): AdminController->index()
#1 C:\WebData\_site1\apps\my_project\index.php(5): Router::route('')
#2 {main}
  thrown in C:\WebData\_site1\apps\my_project\App\Controllers\AdminController.php on line 15
[14-Apr-2025 11:20:27 Europe/Minsk] PHP Warning:  Undefined variable $path in C:\WebData\_site1\apps\my_project\App\Views\Admin\admin.php on line 16
[14-Apr-2025 11:20:27 Europe/Minsk] PHP Stack trace:
[14-Apr-2025 11:20:27 Europe/Minsk] PHP   1. {main}() C:\WebData\_site1\apps\my_project\index.php:0
[14-Apr-2025 11:20:27 Europe/Minsk] PHP   2. Router::route($url = '') C:\WebData\_site1\apps\my_project\index.php:5
[14-Apr-2025 11:20:27 Europe/Minsk] PHP   3. AdminController->index() C:\WebData\_site1\apps\my_project\Routers\Router.php:21
[14-Apr-2025 11:20:27 Europe/Minsk] PHP   4. require_once() C:\WebData\_site1\apps\my_project\App\Controllers\AdminController.php:15
[14-Apr-2025 11:20:27 Europe/Minsk] PHP Warning:  Undefined variable $path in C:\WebData\_site1\apps\my_project\App\Views\Admin\admin.php on line 16
[14-Apr-2025 11:20:27 Europe/Minsk] PHP Stack trace:
[14-Apr-2025 11:20:27 Europe/Minsk] PHP   1. {main}() C:\WebData\_site1\apps\my_project\index.php:0
[14-Apr-2025 11:20:27 Europe/Minsk] PHP   2. Router::route($url = '') C:\WebData\_site1\apps\my_project\index.php:5
[14-Apr-2025 11:20:27 Europe/Minsk] PHP   3. AdminController->index() C:\WebData\_site1\apps\my_project\Routers\Router.php:21
[14-Apr-2025 11:20:27 Europe/Minsk] PHP   4. require_once() C:\WebData\_site1\apps\my_project\App\Controllers\AdminController.php:15
[14-Apr-2025 11:20:27 Europe/Minsk] PHP Warning:  Undefined variable $path in C:\WebData\_site1\apps\my_project\App\Views\Admin\admin.php on line 16
[14-Apr-2025 11:20:27 Europe/Minsk] PHP Stack trace:
[14-Apr-2025 11:20:27 Europe/Minsk] PHP   1. {main}() C:\WebData\_site1\apps\my_project\index.php:0
[14-Apr-2025 11:20:27 Europe/Minsk] PHP   2. Router::route($url = '') C:\WebData\_site1\apps\my_project\index.php:5
[14-Apr-2025 11:20:27 Europe/Minsk] PHP   3. AdminController->index() C:\WebData\_site1\apps\my_project\Routers\Router.php:21
[14-Apr-2025 11:20:27 Europe/Minsk] PHP   4. require_once() C:\WebData\_site1\apps\my_project\App\Controllers\AdminController.php:15
[14-Apr-2025 11:20:27 Europe/Minsk] PHP Warning:  Undefined variable $path in C:\WebData\_site1\apps\my_project\App\Views\Admin\admin.php on line 16
[14-Apr-2025 11:20:27 Europe/Minsk] PHP Stack trace:
[14-Apr-2025 11:20:27 Europe/Minsk] PHP   1. {main}() C:\WebData\_site1\apps\my_project\index.php:0
[14-Apr-2025 11:20:27 Europe/Minsk] PHP   2. Router::route($url = '') C:\WebData\_site1\apps\my_project\index.php:5
[14-Apr-2025 11:20:27 Europe/Minsk] PHP   3. AdminController->index() C:\WebData\_site1\apps\my_project\Routers\Router.php:21
[14-Apr-2025 11:20:27 Europe/Minsk] PHP   4. require_once() C:\WebData\_site1\apps\my_project\App\Controllers\AdminController.php:15
[14-Apr-2025 11:20:27 Europe/Minsk] PHP Warning:  Undefined variable $path in C:\WebData\_site1\apps\my_project\App\Views\Admin\admin.php on line 16
[14-Apr-2025 11:20:27 Europe/Minsk] PHP Stack trace:
[14-Apr-2025 11:20:27 Europe/Minsk] PHP   1. {main}() C:\WebData\_site1\apps\my_project\index.php:0
[14-Apr-2025 11:20:27 Europe/Minsk] PHP   2. Router::route($url = '') C:\WebData\_site1\apps\my_project\index.php:5
[14-Apr-2025 11:20:27 Europe/Minsk] PHP   3. AdminController->index() C:\WebData\_site1\apps\my_project\Routers\Router.php:21
[14-Apr-2025 11:20:27 Europe/Minsk] PHP   4. require_once() C:\WebData\_site1\apps\my_project\App\Controllers\AdminController.php:15
[14-Apr-2025 11:20:27 Europe/Minsk] PHP Warning:  Undefined variable $path in C:\WebData\_site1\apps\my_project\App\Views\Admin\admin.php on line 16
[14-Apr-2025 11:20:27 Europe/Minsk] PHP Stack trace:
[14-Apr-2025 11:20:27 Europe/Minsk] PHP   1. {main}() C:\WebData\_site1\apps\my_project\index.php:0
[14-Apr-2025 11:20:27 Europe/Minsk] PHP   2. Router::route($url = '') C:\WebData\_site1\apps\my_project\index.php:5
[14-Apr-2025 11:20:27 Europe/Minsk] PHP   3. AdminController->index() C:\WebData\_site1\apps\my_project\Routers\Router.php:21
[14-Apr-2025 11:20:27 Europe/Minsk] PHP   4. require_once() C:\WebData\_site1\apps\my_project\App\Controllers\AdminController.php:15
[14-Apr-2025 11:20:27 Europe/Minsk] PHP Warning:  Undefined variable $path in C:\WebData\_site1\apps\my_project\App\Views\Admin\admin.php on line 16
[14-Apr-2025 11:20:27 Europe/Minsk] PHP Stack trace:
[14-Apr-2025 11:20:27 Europe/Minsk] PHP   1. {main}() C:\WebData\_site1\apps\my_project\index.php:0
[14-Apr-2025 11:20:27 Europe/Minsk] PHP   2. Router::route($url = '') C:\WebData\_site1\apps\my_project\index.php:5
[14-Apr-2025 11:20:27 Europe/Minsk] PHP   3. AdminController->index() C:\WebData\_site1\apps\my_project\Routers\Router.php:21
[14-Apr-2025 11:20:27 Europe/Minsk] PHP   4. require_once() C:\WebData\_site1\apps\my_project\App\Controllers\AdminController.php:15
[14-Apr-2025 11:20:27 Europe/Minsk] PHP Warning:  Undefined variable $path in C:\WebData\_site1\apps\my_project\App\Views\Admin\admin.php on line 16
[14-Apr-2025 11:20:27 Europe/Minsk] PHP Stack trace:
[14-Apr-2025 11:20:27 Europe/Minsk] PHP   1. {main}() C:\WebData\_site1\apps\my_project\index.php:0
[14-Apr-2025 11:20:27 Europe/Minsk] PHP   2. Router::route($url = '') C:\WebData\_site1\apps\my_project\index.php:5
[14-Apr-2025 11:20:27 Europe/Minsk] PHP   3. AdminController->index() C:\WebData\_site1\apps\my_project\Routers\Router.php:21
[14-Apr-2025 11:20:27 Europe/Minsk] PHP   4. require_once() C:\WebData\_site1\apps\my_project\App\Controllers\AdminController.php:15
[14-Apr-2025 11:53:37 Europe/Minsk] PHP Parse error:  syntax error, unexpected token "private", expecting end of file in C:\WebData\_site1\apps\my_project\App\Controllers\AdminController.php on line 57
[14-Apr-2025 11:55:26 Europe/Minsk] PHP Parse error:  syntax error, unexpected token "private", expecting end of file in C:\WebData\_site1\apps\my_project\App\Controllers\AdminController.php on line 59
[23-Apr-2025 11:41:21 Europe/Minsk] PHP Warning:  require_once(C:\WebData\_site1\apps\my_project\Admin/Routers/Router.php): Failed to open stream: No such file or directory in C:\WebData\_site1\apps\my_project\Admin\index.php on line 22
[23-Apr-2025 11:41:21 Europe/Minsk] PHP Stack trace:
[23-Apr-2025 11:41:21 Europe/Minsk] PHP   1. {main}() C:\WebData\_site1\apps\my_project\index.php:0
[23-Apr-2025 11:41:21 Europe/Minsk] PHP   2. require_once() C:\WebData\_site1\apps\my_project\index.php:6
[23-Apr-2025 11:41:21 Europe/Minsk] PHP Fatal error:  Uncaught Error: Failed opening required 'C:\WebData\_site1\apps\my_project\Admin/Routers/Router.php' (include_path='.;C:\php\pear') in C:\WebData\_site1\apps\my_project\Admin\index.php:22
Stack trace:
#0 C:\WebData\_site1\apps\my_project\index.php(6): require_once()
#1 {main}
  thrown in C:\WebData\_site1\apps\my_project\Admin\index.php on line 22
[23-Apr-2025 11:41:27 Europe/Minsk] PHP Warning:  require_once(C:\WebData\_site1\apps\my_project\Admin/Routers/Router.php): Failed to open stream: No such file or directory in C:\WebData\_site1\apps\my_project\Admin\index.php on line 22
[23-Apr-2025 11:41:27 Europe/Minsk] PHP Stack trace:
[23-Apr-2025 11:41:27 Europe/Minsk] PHP   1. {main}() C:\WebData\_site1\apps\my_project\index.php:0
[23-Apr-2025 11:41:27 Europe/Minsk] PHP   2. require_once() C:\WebData\_site1\apps\my_project\index.php:6
[23-Apr-2025 11:41:27 Europe/Minsk] PHP Fatal error:  Uncaught Error: Failed opening required 'C:\WebData\_site1\apps\my_project\Admin/Routers/Router.php' (include_path='.;C:\php\pear') in C:\WebData\_site1\apps\my_project\Admin\index.php:22
Stack trace:
#0 C:\WebData\_site1\apps\my_project\index.php(6): require_once()
#1 {main}
  thrown in C:\WebData\_site1\apps\my_project\Admin\index.php on line 22
[28-Apr-2025 02:00:57 Europe/Minsk] PHP Warning:  Cannot modify header information - headers already sent by (output started at C:\WebData\_site1\apps\my_project\Routers\Router.php:49) in C:\WebData\_site1\apps\my_project\App\Controllers\AdminController.php on line 21
[28-Apr-2025 02:00:57 Europe/Minsk] PHP Stack trace:
[28-Apr-2025 02:00:57 Europe/Minsk] PHP   1. {main}() C:\WebData\_site1\apps\my_project\index.php:0
[28-Apr-2025 02:00:57 Europe/Minsk] PHP   2. Router::route($url = '') C:\WebData\_site1\apps\my_project\index.php:11
[28-Apr-2025 02:00:57 Europe/Minsk] PHP   3. AdminController->__construct() C:\WebData\_site1\apps\my_project\Routers\Router.php:38
[28-Apr-2025 02:00:57 Europe/Minsk] PHP   4. AdminController->authenticate() C:\WebData\_site1\apps\my_project\App\Controllers\AdminController.php:10
[28-Apr-2025 02:00:57 Europe/Minsk] PHP   5. header($header = 'WWW-Authenticate: Basic realm="Админская панель"') C:\WebData\_site1\apps\my_project\App\Controllers\AdminController.php:21
[28-Apr-2025 02:00:57 Europe/Minsk] PHP Warning:  Cannot modify header information - headers already sent by (output started at C:\WebData\_site1\apps\my_project\Routers\Router.php:49) in C:\WebData\_site1\apps\my_project\App\Controllers\AdminController.php on line 22
[28-Apr-2025 02:00:57 Europe/Minsk] PHP Stack trace:
[28-Apr-2025 02:00:57 Europe/Minsk] PHP   1. {main}() C:\WebData\_site1\apps\my_project\index.php:0
[28-Apr-2025 02:00:57 Europe/Minsk] PHP   2. Router::route($url = '') C:\WebData\_site1\apps\my_project\index.php:11
[28-Apr-2025 02:00:57 Europe/Minsk] PHP   3. AdminController->__construct() C:\WebData\_site1\apps\my_project\Routers\Router.php:38
[28-Apr-2025 02:00:57 Europe/Minsk] PHP   4. AdminController->authenticate() C:\WebData\_site1\apps\my_project\App\Controllers\AdminController.php:10
[28-Apr-2025 02:00:57 Europe/Minsk] PHP   5. header($header = 'HTTP/1.0 401 Unauthorized') C:\WebData\_site1\apps\my_project\App\Controllers\AdminController.php:22
[28-Apr-2025 02:01:28 Europe/Minsk] PHP Warning:  Cannot modify header information - headers already sent by (output started at C:\WebData\_site1\apps\my_project\Routers\Router.php:49) in C:\WebData\_site1\apps\my_project\App\Controllers\AdminController.php on line 21
[28-Apr-2025 02:01:28 Europe/Minsk] PHP Stack trace:
[28-Apr-2025 02:01:28 Europe/Minsk] PHP   1. {main}() C:\WebData\_site1\apps\my_project\index.php:0
[28-Apr-2025 02:01:28 Europe/Minsk] PHP   2. Router::route($url = '') C:\WebData\_site1\apps\my_project\index.php:11
[28-Apr-2025 02:01:28 Europe/Minsk] PHP   3. AdminController->__construct() C:\WebData\_site1\apps\my_project\Routers\Router.php:38
[28-Apr-2025 02:01:28 Europe/Minsk] PHP   4. AdminController->authenticate() C:\WebData\_site1\apps\my_project\App\Controllers\AdminController.php:10
[28-Apr-2025 02:01:28 Europe/Minsk] PHP   5. header($header = 'WWW-Authenticate: Basic realm="Админская панель"') C:\WebData\_site1\apps\my_project\App\Controllers\AdminController.php:21
[28-Apr-2025 02:01:28 Europe/Minsk] PHP Warning:  Cannot modify header information - headers already sent by (output started at C:\WebData\_site1\apps\my_project\Routers\Router.php:49) in C:\WebData\_site1\apps\my_project\App\Controllers\AdminController.php on line 22
[28-Apr-2025 02:01:28 Europe/Minsk] PHP Stack trace:
[28-Apr-2025 02:01:28 Europe/Minsk] PHP   1. {main}() C:\WebData\_site1\apps\my_project\index.php:0
[28-Apr-2025 02:01:28 Europe/Minsk] PHP   2. Router::route($url = '') C:\WebData\_site1\apps\my_project\index.php:11
[28-Apr-2025 02:01:28 Europe/Minsk] PHP   3. AdminController->__construct() C:\WebData\_site1\apps\my_project\Routers\Router.php:38
[28-Apr-2025 02:01:29 Europe/Minsk] PHP   4. AdminController->authenticate() C:\WebData\_site1\apps\my_project\App\Controllers\AdminController.php:10
[28-Apr-2025 02:01:29 Europe/Minsk] PHP   5. header($header = 'HTTP/1.0 401 Unauthorized') C:\WebData\_site1\apps\my_project\App\Controllers\AdminController.php:22
[28-Apr-2025 03:27:09 Europe/Minsk] PHP Fatal error:  Uncaught Error: Call to undefined function asset() in C:\WebData\_site1\apps\my_project\App\Views\Templates\calendar.php:7
Stack trace:
#0 C:\WebData\_site1\apps\my_project\App\Controllers\CalendarController.php(7): require()
#1 C:\WebData\_site1\apps\my_project\App\Controllers\CalendarController.php(16): CalendarController->render('calendar', Array)
#2 C:\WebData\_site1\apps\my_project\Routers\Router.php(56): CalendarController->index()
#3 C:\WebData\_site1\apps\my_project\Routers\Router.php(64): Router::route('calendar')
#4 C:\WebData\_site1\apps\my_project\index.php(3): require_once('C:\\WebData\\_sit...')
#5 {main}
  thrown in C:\WebData\_site1\apps\my_project\App\Views\Templates\calendar.php on line 7
